2014/07/21 05:13:55 [error] [exception.CHttpException.404] exception 'CHttpException' with message 'No es posible resolver la solicitud "themes/stylescripts/buscar.js"' in C:\xampp\htdocs\yii\framework\web\CWebApplication.php:286
Stack trace:
#0 C:\xampp\htdocs\yii\framework\web\CWebApplication.php(141): CWebApplication->runController('themes/stylescr...')
#1 C:\xampp\htdocs\yii\framework\base\CApplication.php(180): CWebApplication->processRequest()
#2 C:\xampp\htdocs\CRIBLYRTH\index.php(13): CApplication->run()
#3 {main}
REQUEST_URI=/CRIBLYRTH/themes/stylescripts/buscar.js
HTTP_REFERER=http://localhost/CRIBLYRTH/
---
2014/07/21 05:13:55 [error] [exception.CHttpException.404] exception 'CHttpException' with message 'No es posible resolver la solicitud "themes/stylescripts/noticias.js"' in C:\xampp\htdocs\yii\framework\web\CWebApplication.php:286
Stack trace:
#0 C:\xampp\htdocs\yii\framework\web\CWebApplication.php(141): CWebApplication->runController('themes/stylescr...')
#1 C:\xampp\htdocs\yii\framework\base\CApplication.php(180): CWebApplication->processRequest()
#2 C:\xampp\htdocs\CRIBLYRTH\index.php(13): CApplication->run()
#3 {main}
REQUEST_URI=/CRIBLYRTH/themes/stylescripts/noticias.js
HTTP_REFERER=http://localhost/CRIBLYRTH/
---
2014/07/21 05:14:16 [error] [exception.CHttpException.404] exception 'CHttpException' with message 'No es posible resolver la solicitud "themes/stylescripts/buscar.js"' in C:\xampp\htdocs\yii\framework\web\CWebApplication.php:286
Stack trace:
#0 C:\xampp\htdocs\yii\framework\web\CWebApplication.php(141): CWebApplication->runController('themes/stylescr...')
#1 C:\xampp\htdocs\yii\framework\base\CApplication.php(180): CWebApplication->processRequest()
#2 C:\xampp\htdocs\CRIBLYRTH\index.php(13): CApplication->run()
#3 {main}
REQUEST_URI=/CRIBLYRTH/themes/stylescripts/buscar.js
HTTP_REFERER=http://localhost/CRIBLYRTH/site/login
---
2014/07/21 05:14:16 [error] [exception.CHttpException.404] exception 'CHttpException' with message 'No es posible resolver la solicitud "themes/stylescripts/noticias.js"' in C:\xampp\htdocs\yii\framework\web\CWebApplication.php:286
Stack trace:
#0 C:\xampp\htdocs\yii\framework\web\CWebApplication.php(141): CWebApplication->runController('themes/stylescr...')
#1 C:\xampp\htdocs\yii\framework\base\CApplication.php(180): CWebApplication->processRequest()
#2 C:\xampp\htdocs\CRIBLYRTH\index.php(13): CApplication->run()
#3 {main}
REQUEST_URI=/CRIBLYRTH/themes/stylescripts/noticias.js
HTTP_REFERER=http://localhost/CRIBLYRTH/site/login
---
2014/07/21 05:14:23 [error] [exception.CHttpException.404] exception 'CHttpException' with message 'No es posible resolver la solicitud "themes/stylescripts/noticias.js"' in C:\xampp\htdocs\yii\framework\web\CWebApplication.php:286
Stack trace:
#0 C:\xampp\htdocs\yii\framework\web\CWebApplication.php(141): CWebApplication->runController('themes/stylescr...')
#1 C:\xampp\htdocs\yii\framework\base\CApplication.php(180): CWebApplication->processRequest()
#2 C:\xampp\htdocs\CRIBLYRTH\index.php(13): CApplication->run()
#3 {main}
REQUEST_URI=/CRIBLYRTH/themes/stylescripts/noticias.js
HTTP_REFERER=http://localhost/CRIBLYRTH//jefedepartamento/index
---
2014/07/21 05:14:23 [error] [exception.CHttpException.404] exception 'CHttpException' with message 'No es posible resolver la solicitud "themes/stylescripts/buscar.js"' in C:\xampp\htdocs\yii\framework\web\CWebApplication.php:286
Stack trace:
#0 C:\xampp\htdocs\yii\framework\web\CWebApplication.php(141): CWebApplication->runController('themes/stylescr...')
#1 C:\xampp\htdocs\yii\framework\base\CApplication.php(180): CWebApplication->processRequest()
#2 C:\xampp\htdocs\CRIBLYRTH\index.php(13): CApplication->run()
#3 {main}
REQUEST_URI=/CRIBLYRTH/themes/stylescripts/buscar.js
HTTP_REFERER=http://localhost/CRIBLYRTH//jefedepartamento/index
---
2014/07/21 05:14:23 [error] [exception.CHttpException.404] exception 'CHttpException' with message 'El sistema no ha podido encontrar la acci贸n "Extra3dLogos" solicitada.' in C:\xampp\htdocs\yii\framework\web\CController.php:483
Stack trace:
#0 C:\xampp\htdocs\yii\framework\web\CController.php(270): CController->missingAction('Extra3dLogos')
#1 C:\xampp\htdocs\yii\framework\web\CWebApplication.php(282): CController->run('Extra3dLogos')
#2 C:\xampp\htdocs\yii\framework\web\CWebApplication.php(141): CWebApplication->runController('jefedepartament...')
#3 C:\xampp\htdocs\yii\framework\base\CApplication.php(180): CWebApplication->processRequest()
#4 C:\xampp\htdocs\CRIBLYRTH\index.php(13): CApplication->run()
#5 {main}
REQUEST_URI=/CRIBLYRTH//jefedepartamento/Extra3dLogos/icono.png
---
2014/07/21 05:14:24 [error] [exception.CHttpException.404] exception 'CHttpException' with message 'No es posible resolver la solicitud "themes/stylescripts/noticias.js"' in C:\xampp\htdocs\yii\framework\web\CWebApplication.php:286
Stack trace:
#0 C:\xampp\htdocs\yii\framework\web\CWebApplication.php(141): CWebApplication->runController('themes/stylescr...')
#1 C:\xampp\htdocs\yii\framework\base\CApplication.php(180): CWebApplication->processRequest()
#2 C:\xampp\htdocs\CRIBLYRTH\index.php(13): CApplication->run()
#3 {main}
REQUEST_URI=/CRIBLYRTH/themes/stylescripts/noticias.js
HTTP_REFERER=http://localhost/CRIBLYRTH//jefedepartamento/index
---
2014/07/21 05:14:24 [error] [exception.CHttpException.404] exception 'CHttpException' with message 'El sistema no ha podido encontrar la acci贸n "Extra3dLogos" solicitada.' in C:\xampp\htdocs\yii\framework\web\CController.php:483
Stack trace:
#0 C:\xampp\htdocs\yii\framework\web\CController.php(270): CController->missingAction('Extra3dLogos')
#1 C:\xampp\htdocs\yii\framework\web\CWebApplication.php(282): CController->run('Extra3dLogos')
#2 C:\xampp\htdocs\yii\framework\web\CWebApplication.php(141): CWebApplication->runController('jefedepartament...')
#3 C:\xampp\htdocs\yii\framework\base\CApplication.php(180): CWebApplication->processRequest()
#4 C:\xampp\htdocs\CRIBLYRTH\index.php(13): CApplication->run()
#5 {main}
REQUEST_URI=/CRIBLYRTH//jefedepartamento/Extra3dLogos/icono.png
---
2014/07/21 05:14:28 [error] [exception.CHttpException.404] exception 'CHttpException' with message 'No es posible resolver la solicitud "themes/stylescripts/buscar.js"' in C:\xampp\htdocs\yii\framework\web\CWebApplication.php:286
Stack trace:
#0 C:\xampp\htdocs\yii\framework\web\CWebApplication.php(141): CWebApplication->runController('themes/stylescr...')
#1 C:\xampp\htdocs\yii\framework\base\CApplication.php(180): CWebApplication->processRequest()
#2 C:\xampp\htdocs\CRIBLYRTH\index.php(13): CApplication->run()
#3 {main}
REQUEST_URI=/CRIBLYRTH/themes/stylescripts/buscar.js
HTTP_REFERER=http://localhost/CRIBLYRTH/jefedepartamento/HistTesisProfesor
---
2014/07/21 05:14:28 [error] [exception.CHttpException.404] exception 'CHttpException' with message 'No es posible resolver la solicitud "themes/stylescripts/noticias.js"' in C:\xampp\htdocs\yii\framework\web\CWebApplication.php:286
Stack trace:
#0 C:\xampp\htdocs\yii\framework\web\CWebApplication.php(141): CWebApplication->runController('themes/stylescr...')
#1 C:\xampp\htdocs\yii\framework\base\CApplication.php(180): CWebApplication->processRequest()
#2 C:\xampp\htdocs\CRIBLYRTH\index.php(13): CApplication->run()
#3 {main}
REQUEST_URI=/CRIBLYRTH/themes/stylescripts/noticias.js
HTTP_REFERER=http://localhost/CRIBLYRTH/jefedepartamento/HistTesisProfesor
---
2014/07/21 05:14:29 [error] [exception.CHttpException.404] exception 'CHttpException' with message 'El sistema no ha podido encontrar la acci贸n "Extra3dLogos" solicitada.' in C:\xampp\htdocs\yii\framework\web\CController.php:483
Stack trace:
#0 C:\xampp\htdocs\yii\framework\web\CController.php(270): CController->missingAction('Extra3dLogos')
#1 C:\xampp\htdocs\yii\framework\web\CWebApplication.php(282): CController->run('Extra3dLogos')
#2 C:\xampp\htdocs\yii\framework\web\CWebApplication.php(141): CWebApplication->runController('jefedepartament...')
#3 C:\xampp\htdocs\yii\framework\base\CApplication.php(180): CWebApplication->processRequest()
#4 C:\xampp\htdocs\CRIBLYRTH\index.php(13): CApplication->run()
#5 {main}
REQUEST_URI=/CRIBLYRTH/jefedepartamento/Extra3dLogos/icono.png
---
2014/07/21 05:14:29 [error] [exception.CHttpException.404] exception 'CHttpException' with message 'El sistema no ha podido encontrar la acci贸n "Extra3dLogos" solicitada.' in C:\xampp\htdocs\yii\framework\web\CController.php:483
Stack trace:
#0 C:\xampp\htdocs\yii\framework\web\CController.php(270): CController->missingAction('Extra3dLogos')
#1 C:\xampp\htdocs\yii\framework\web\CWebApplication.php(282): CController->run('Extra3dLogos')
#2 C:\xampp\htdocs\yii\framework\web\CWebApplication.php(141): CWebApplication->runController('jefedepartament...')
#3 C:\xampp\htdocs\yii\framework\base\CApplication.php(180): CWebApplication->processRequest()
#4 C:\xampp\htdocs\CRIBLYRTH\index.php(13): CApplication->run()
#5 {main}
REQUEST_URI=/CRIBLYRTH/jefedepartamento/Extra3dLogos/icono.png
---
